This is pdfTeX, Version 3.1415926-2.3-1.40.12 (MiKTeX 2.9) (preloaded format=pdflatex 2013.2.28)  26 MAY 2013 16:38
entering extended mode
**C:/Users/lenovo/Desktop/Hbase/模版/Hbase/template.tex
(C:/Users/lenovo/Desktop/Hbase/模版/Hbase/template.tex
LaTeX2e <2011/06/27>
Babel <v3.8m> and hyphenation patterns for loaded.

! LaTeX Error: File `mdpi.cls' not found.

Type X to quit or <RETURN> to proceed,
or enter new name. (Default extension: cls)

Enter file name: 
! Emergency stop.
<read *> 
         
l.36 \setcounter
                {page}{1}
End of file on the terminal!

 
Here is how much of TeX's memory you used:
 12 strings out of 495354
 266 string characters out of 3183019
 44842 words of memory out of 3000000
 3279 multiletter control sequences out of 15000+200000
 3640 words of font info for 14 fonts, out of 3000000 for 9000
 14 hyphenation exceptions out of 8191
 10i,0n,7p,440b,8s stack positions out of 5000i,500n,10000p,200000b,50000s
!  ==> Fatal error occurred, no output PDF file produced!
